[debug] [2020-04-17T10:26:44.014Z] ----------------------------------------------------------------------
[debug] [2020-04-17T10:26:44.017Z] Command:       C:\Program Files\nodejs\node.exe C:\Users\Tomasz\AppData\Roaming\npm\node_modules\firebase-tools\lib\bin\firebase.js init
[debug] [2020-04-17T10:26:44.017Z] CLI Version:   8.0.3
[debug] [2020-04-17T10:26:44.018Z] Platform:      win32
[debug] [2020-04-17T10:26:44.018Z] Node Version:  v12.16.1
[debug] [2020-04-17T10:26:44.034Z] Time:          Fri Apr 17 2020 12:26:44 GMT+0200 (GMT+02:00)
[debug] [2020-04-17T10:26:44.034Z] ----------------------------------------------------------------------
[debug] [2020-04-17T10:26:44.034Z] 
[debug] [2020-04-17T10:26:44.047Z] > command requires scopes: ["email","openid","https://www.googleapis.com/auth/cloudplatformprojects.readonly","https://www.googleapis.com/auth/firebase","https://www.googleapis.com/auth/cloud-platform"]
[debug] [2020-04-17T10:26:44.047Z] > authorizing via signed-in user
[info] 
     ######## #### ########  ######## ########     ###     ######  ########
     ##        ##  ##     ## ##       ##     ##  ##   ##  ##       ##
     ######    ##  ########  ######   ########  #########  ######  ######
     ##        ##  ##    ##  ##       ##     ## ##     ##       ## ##
     ##       #### ##     ## ######## ########  ##     ##  ######  ########

You're about to initialize a Firebase project in this directory:

  C:\Users\Tomasz\Documents\dev\bday

[debug] [2020-04-17T10:38:47.295Z] ----------------------------------------------------------------------
[debug] [2020-04-17T10:38:47.298Z] Command:       C:\Program Files\nodejs\node.exe C:\Users\Tomasz\AppData\Roaming\npm\node_modules\firebase-tools\lib\bin\firebase.js init
[debug] [2020-04-17T10:38:47.298Z] CLI Version:   8.0.3
[debug] [2020-04-17T10:38:47.298Z] Platform:      win32
[debug] [2020-04-17T10:38:47.298Z] Node Version:  v12.16.1
[debug] [2020-04-17T10:38:47.313Z] Time:          Fri Apr 17 2020 12:38:47 GMT+0200 (GMT+02:00)
[debug] [2020-04-17T10:38:47.313Z] ----------------------------------------------------------------------
[debug] [2020-04-17T10:38:47.313Z] 
[debug] [2020-04-17T10:38:47.325Z] > command requires scopes: ["email","openid","https://www.googleapis.com/auth/cloudplatformprojects.readonly","https://www.googleapis.com/auth/firebase","https://www.googleapis.com/auth/cloud-platform"]
[debug] [2020-04-17T10:38:47.326Z] > authorizing via signed-in user
[info] 
     ######## #### ########  ######## ########     ###     ######  ########
     ##        ##  ##     ## ##       ##     ##  ##   ##  ##       ##
     ######    ##  ########  ######   ########  #########  ######  ######
     ##        ##  ##    ##  ##       ##     ## ##     ##       ## ##
     ##       #### ##     ## ######## ########  ##     ##  ######  ########

You're about to initialize a Firebase project in this directory:

  C:\Users\Tomasz\Documents\dev\bday

